<?xml version="1.0" encoding="UTF-8"?>
<!-- Generated by org.testng.reporters.JUnitXMLReporter -->
<testsuite hostname="DESKTOP-LI51MAN" ignored="0" name="Default test" tests="11" failures="0" timestamp="2021-04-18T19:28:16 IST" time="0.125" errors="0">
  <testcase name="@BeforeSuite setUp" time="0.016" classname="com.TestCategoriesPage.CategoriesPageTest">
    <failure type="java.lang.NullPointerException">
      <![CDATA[java.lang.NullPointerException
at com.myprimeshop.testbase.TestBase.initialization(TestBase.java:40)
at com.TestCategoriesPage.CategoriesPageTest.setUp(CategoriesPageTest.java:23)
at sun.reflect.NativeMethodAccessorImpl.invoke0(Native Method)
at sun.reflect.NativeMethodAccessorImpl.invoke(NativeMethodAccessorImpl.java:62)
at sun.reflect.DelegatingMethodAccessorImpl.invoke(DelegatingMethodAccessorImpl.java:43)
at java.lang.reflect.Method.invoke(Method.java:498)
at org.testng.internal.MethodInvocationHelper.invokeMethod(MethodInvocationHelper.java:132)
at org.testng.internal.MethodInvocationHelper.invokeMethodConsideringTimeout(MethodInvocationHelper.java:61)
at org.testng.internal.ConfigInvoker.invokeConfigurationMethod(ConfigInvoker.java:366)
at org.testng.internal.ConfigInvoker.invokeConfigurations(ConfigInvoker.java:320)
at org.testng.SuiteRunner.privateRun(SuiteRunner.java:327)
at org.testng.SuiteRunner.run(SuiteRunner.java:286)
at org.testng.SuiteRunnerWorker.runSuite(SuiteRunnerWorker.java:53)
at org.testng.SuiteRunnerWorker.run(SuiteRunnerWorker.java:96)
at org.testng.TestNG.runSuitesSequentially(TestNG.java:1218)
at org.testng.TestNG.runSuitesLocally(TestNG.java:1140)
at org.testng.TestNG.runSuites(TestNG.java:1069)
at org.testng.TestNG.run(TestNG.java:1037)
at org.testng.remote.AbstractRemoteTestNG.run(AbstractRemoteTestNG.java:115)
at org.testng.remote.RemoteTestNG.initAndRun(RemoteTestNG.java:251)
at org.testng.remote.RemoteTestNG.main(RemoteTestNG.java:77)
]]>
    </failure>
  </testcase> <!-- @BeforeSuite setUp -->
  <testcase name="crossBtn" time="0.0" classname="com.TestCategoriesPage.CategoriesPageTest">
    <skipped/>
  </testcase> <!-- crossBtn -->
  <testcase name="categoryBtn" time="0.0" classname="com.TestCategoriesPage.CategoriesPageTest">
    <skipped/>
  </testcase> <!-- categoryBtn -->
  <testcase name="validTitle" time="0.0" classname="com.TestCategoriesPage.CategoriesPageTest">
    <skipped/>
  </testcase> <!-- validTitle -->
  <testcase name="validCategories" time="0.0" classname="com.TestCategoriesPage.CategoriesPageTest">
    <skipped/>
  </testcase> <!-- validCategories -->
  <testcase name="validByCategoriElement" time="0.0" classname="com.TestCategoriesPage.CategoriesPageTest">
    <skipped/>
  </testcase> <!-- validByCategoriElement -->
  <testcase name="validWomenProducts" time="0.0" classname="com.TestCategoriesPage.CategoriesPageTest">
    <skipped/>
  </testcase> <!-- validWomenProducts -->
  <testcase name="validproductswallet" time="0.0" classname="com.TestCategoriesPage.CategoriesPageTest">
    <skipped/>
  </testcase> <!-- validproductswallet -->
  <testcase name="validProductMassagnerDuffle" time="0.0" classname="com.TestCategoriesPage.CategoriesPageTest">
    <skipped/>
  </testcase> <!-- validProductMassagnerDuffle -->
  <testcase name="validToolsInKitchen" time="0.0" classname="com.TestCategoriesPage.CategoriesPageTest">
    <skipped/>
  </testcase> <!-- validToolsInKitchen -->
  <testcase name="buyProductValid" time="0.0" classname="com.TestCategoriesPage.CategoriesPageTest">
    <skipped/>
  </testcase> <!-- buyProductValid -->
  <testcase name="validproductDescription" time="0.0" classname="com.TestCategoriesPage.CategoriesPageTest">
    <skipped/>
  </testcase> <!-- validproductDescription -->
</testsuite> <!-- Default test -->
