<?xml version="1.0" encoding="UTF-8"?>
<testng-results skipped="0" failed="1" ignored="0" total="11" passed="10">
  <reporter-output>
  </reporter-output>
  <suite name="my prime shop ecommerse online web application Suite" duration-ms="279361" started-at="2021-04-10T14:06:29 IST" finished-at="2021-04-10T14:11:09 IST">
    <groups>
    </groups>
    <test name="my prime shop Test Cases" duration-ms="279361" started-at="2021-04-10T14:06:29 IST" finished-at="2021-04-10T14:11:09 IST">
      <class name="com.TestCategoriesPage.CategoriesPageTest">
        <test-method status="PASS" signature="setUp()[pri:0, instance:com.TestCategoriesPage.CategoriesPageTest@43fe0e]" name="setUp" is-config="true" duration-ms="24736" started-at="2021-04-10T14:06:04 IST" finished-at="2021-04-10T14:06:29 IST">
          <reporter-output>
          </reporter-output>
        </test-method> <!-- setUp -->
        <test-method status="PASS" signature="crossBtn()[pri:1, instance:com.TestCategoriesPage.CategoriesPageTest@43fe0e]" name="crossBtn" duration-ms="189" started-at="2021-04-10T14:06:29 IST" finished-at="2021-04-10T14:06:30 IST">
          <reporter-output>
          </reporter-output>
        </test-method> <!-- crossBtn -->
        <test-method status="PASS" signature="categoryBtn()[pri:2, instance:com.TestCategoriesPage.CategoriesPageTest@43fe0e]" name="categoryBtn" duration-ms="125" started-at="2021-04-10T14:06:30 IST" finished-at="2021-04-10T14:06:30 IST">
          <reporter-output>
          </reporter-output>
        </test-method> <!-- categoryBtn -->
        <test-method status="PASS" signature="validTitle()[pri:3, instance:com.TestCategoriesPage.CategoriesPageTest@43fe0e]" name="validTitle" duration-ms="15" started-at="2021-04-10T14:06:30 IST" finished-at="2021-04-10T14:06:30 IST">
          <reporter-output>
          </reporter-output>
        </test-method> <!-- validTitle -->
        <test-method status="PASS" signature="validCategories()[pri:4, instance:com.TestCategoriesPage.CategoriesPageTest@43fe0e]" name="validCategories" duration-ms="43659" started-at="2021-04-10T14:06:30 IST" finished-at="2021-04-10T14:07:13 IST">
          <reporter-output>
          </reporter-output>
        </test-method> <!-- validCategories -->
        <test-method status="PASS" signature="validByCategoriElement()[pri:5, instance:com.TestCategoriesPage.CategoriesPageTest@43fe0e]" name="validByCategoriElement" duration-ms="20711" started-at="2021-04-10T14:07:13 IST" finished-at="2021-04-10T14:07:34 IST">
          <reporter-output>
          </reporter-output>
        </test-method> <!-- validByCategoriElement -->
        <test-method status="PASS" signature="validWomenProducts()[pri:6, instance:com.TestCategoriesPage.CategoriesPageTest@43fe0e]" name="validWomenProducts" duration-ms="5862" started-at="2021-04-10T14:07:34 IST" finished-at="2021-04-10T14:07:40 IST">
          <reporter-output>
          </reporter-output>
        </test-method> <!-- validWomenProducts -->
        <test-method status="PASS" signature="validproductswallet()[pri:7, instance:com.TestCategoriesPage.CategoriesPageTest@43fe0e]" name="validproductswallet" duration-ms="23942" started-at="2021-04-10T14:07:40 IST" finished-at="2021-04-10T14:08:04 IST">
          <reporter-output>
          </reporter-output>
        </test-method> <!-- validproductswallet -->
        <test-method status="PASS" signature="validProductMassagnerDuffle()[pri:8, instance:com.TestCategoriesPage.CategoriesPageTest@43fe0e]" name="validProductMassagnerDuffle" duration-ms="8557" started-at="2021-04-10T14:08:04 IST" finished-at="2021-04-10T14:08:12 IST">
          <reporter-output>
          </reporter-output>
        </test-method> <!-- validProductMassagnerDuffle -->
        <test-method status="PASS" signature="validToolsInKitchen()[pri:9, instance:com.TestCategoriesPage.CategoriesPageTest@43fe0e]" name="validToolsInKitchen" duration-ms="8497" started-at="2021-04-10T14:08:12 IST" finished-at="2021-04-10T14:08:21 IST">
          <reporter-output>
          </reporter-output>
        </test-method> <!-- validToolsInKitchen -->
        <test-method status="PASS" signature="buyProductValid()[pri:10, instance:com.TestCategoriesPage.CategoriesPageTest@43fe0e]" name="buyProductValid" duration-ms="131179" started-at="2021-04-10T14:08:21 IST" finished-at="2021-04-10T14:10:32 IST">
          <reporter-output>
          </reporter-output>
        </test-method> <!-- buyProductValid -->
        <test-method status="FAIL" signature="validproductDescription()[pri:11, instance:com.TestCategoriesPage.CategoriesPageTest@43fe0e]" name="validproductDescription" duration-ms="36470" started-at="2021-04-10T14:10:32 IST" finished-at="2021-04-10T14:11:09 IST">
          <exception class="org.openqa.selenium.NoSuchElementException">
            <message>
              <![CDATA[no such element: Unable to locate element: {"method":"xpath","selector":"//p[text()="Blue Printed Georgette Saree"]"}
  (Session info: chrome=89.0.4389.114)
For documentation on this error, please visit: https://www.seleniumhq.org/exceptions/no_such_element.html
Build info: version: '3.141.59', revision: 'e82be7d358', time: '2018-11-14T08:17:03'
System info: host: 'DESKTOP-LI51MAN', ip: '192.168.43.195', os.name: 'Windows 10', os.arch: 'x86', os.version: '10.0', java.version: '1.8.0_151'
Driver info: org.openqa.selenium.chrome.ChromeDriver
Capabilities {acceptInsecureCerts: false, browserName: chrome, browserVersion: 89.0.4389.114, chrome: {chromedriverVersion: 89.0.4389.23 (61b08ee2c5002..., userDataDir: C:\Users\Akshay\AppData\Loc...}, goog:chromeOptions: {debuggerAddress: localhost:60446}, javascriptEnabled: true, networkConnectionEnabled: false, pageLoadStrategy: normal, platform: WINDOWS, platformName: WINDOWS, proxy: Proxy(), setWindowRect: true, strictFileInteractability: false, timeouts: {implicit: 0, pageLoad: 300000, script: 30000}, unhandledPromptBehavior: dismiss and notify, webauthn:extension:largeBlob: true, webauthn:virtualAuthenticators: true}
Session ID: 01a056b9272e7f86dcfbf137111fe79d
*** Element info: {Using=xpath, value=//p[text()="Blue Printed Georgette Saree"]}]]>
            </message>
            <full-stacktrace>
              <![CDATA[org.openqa.selenium.NoSuchElementException: no such element: Unable to locate element: {"method":"xpath","selector":"//p[text()="Blue Printed Georgette Saree"]"}
  (Session info: chrome=89.0.4389.114)
For documentation on this error, please visit: https://www.seleniumhq.org/exceptions/no_such_element.html
Build info: version: '3.141.59', revision: 'e82be7d358', time: '2018-11-14T08:17:03'
System info: host: 'DESKTOP-LI51MAN', ip: '192.168.43.195', os.name: 'Windows 10', os.arch: 'x86', os.version: '10.0', java.version: '1.8.0_151'
Driver info: org.openqa.selenium.chrome.ChromeDriver
Capabilities {acceptInsecureCerts: false, browserName: chrome, browserVersion: 89.0.4389.114, chrome: {chromedriverVersion: 89.0.4389.23 (61b08ee2c5002..., userDataDir: C:\Users\Akshay\AppData\Loc...}, goog:chromeOptions: {debuggerAddress: localhost:60446}, javascriptEnabled: true, networkConnectionEnabled: false, pageLoadStrategy: normal, platform: WINDOWS, platformName: WINDOWS, proxy: Proxy(), setWindowRect: true, strictFileInteractability: false, timeouts: {implicit: 0, pageLoad: 300000, script: 30000}, unhandledPromptBehavior: dismiss and notify, webauthn:extension:largeBlob: true, webauthn:virtualAuthenticators: true}
Session ID: 01a056b9272e7f86dcfbf137111fe79d
*** Element info: {Using=xpath, value=//p[text()="Blue Printed Georgette Saree"]}
at sun.reflect.NativeConstructorAccessorImpl.newInstance0(Native Method)
at sun.reflect.NativeConstructorAccessorImpl.newInstance(NativeConstructorAccessorImpl.java:62)
at sun.reflect.DelegatingConstructorAccessorImpl.newInstance(DelegatingConstructorAccessorImpl.java:45)
at java.lang.reflect.Constructor.newInstance(Constructor.java:423)
at org.openqa.selenium.remote.http.W3CHttpResponseCodec.createException(W3CHttpResponseCodec.java:187)
at org.openqa.selenium.remote.http.W3CHttpResponseCodec.decode(W3CHttpResponseCodec.java:122)
at org.openqa.selenium.remote.http.W3CHttpResponseCodec.decode(W3CHttpResponseCodec.java:49)
at org.openqa.selenium.remote.HttpCommandExecutor.execute(HttpCommandExecutor.java:158)
at org.openqa.selenium.remote.service.DriverCommandExecutor.execute(DriverCommandExecutor.java:83)
at org.openqa.selenium.remote.RemoteWebDriver.execute(RemoteWebDriver.java:552)
at org.openqa.selenium.remote.RemoteWebDriver.findElement(RemoteWebDriver.java:323)
at org.openqa.selenium.remote.RemoteWebDriver.findElementByXPath(RemoteWebDriver.java:428)
at org.openqa.selenium.By$ByXPath.findElement(By.java:353)
at org.openqa.selenium.remote.RemoteWebDriver.findElement(RemoteWebDriver.java:315)
at sun.reflect.GeneratedMethodAccessor3.invoke(Unknown Source)
at sun.reflect.DelegatingMethodAccessorImpl.invoke(DelegatingMethodAccessorImpl.java:43)
at java.lang.reflect.Method.invoke(Method.java:498)
at org.openqa.selenium.support.events.EventFiringWebDriver.lambda$new$1(EventFiringWebDriver.java:105)
at com.sun.proxy.$Proxy5.findElement(Unknown Source)
at org.openqa.selenium.support.events.EventFiringWebDriver.findElement(EventFiringWebDriver.java:194)
at org.openqa.selenium.support.pagefactory.DefaultElementLocator.findElement(DefaultElementLocator.java:69)
at org.openqa.selenium.support.pagefactory.internal.LocatingElementHandler.invoke(LocatingElementHandler.java:38)
at com.sun.proxy.$Proxy9.click(Unknown Source)
at com.catagoriesPage.categoriesPage.productDescription(categoriesPage.java:235)
at com.TestCategoriesPage.CategoriesPageTest.validproductDescription(CategoriesPageTest.java:72)
at sun.reflect.NativeMethodAccessorImpl.invoke0(Native Method)
at sun.reflect.NativeMethodAccessorImpl.invoke(NativeMethodAccessorImpl.java:62)
at sun.reflect.DelegatingMethodAccessorImpl.invoke(DelegatingMethodAccessorImpl.java:43)
at java.lang.reflect.Method.invoke(Method.java:498)
at org.testng.internal.MethodInvocationHelper.invokeMethod(MethodInvocationHelper.java:132)
at org.testng.internal.TestInvoker.invokeMethod(TestInvoker.java:599)
at org.testng.internal.TestInvoker.invokeTestMethod(TestInvoker.java:174)
at org.testng.internal.MethodRunner.runInSequence(MethodRunner.java:46)
at org.testng.internal.TestInvoker$MethodInvocationAgent.invoke(TestInvoker.java:822)
at org.testng.internal.TestInvoker.invokeTestMethods(TestInvoker.java:147)
at org.testng.internal.TestMethodWorker.invokeTestMethods(TestMethodWorker.java:146)
at org.testng.internal.TestMethodWorker.run(TestMethodWorker.java:128)
at java.util.ArrayList.forEach(ArrayList.java:1255)
at org.testng.TestRunner.privateRun(TestRunner.java:764)
at org.testng.TestRunner.run(TestRunner.java:585)
at org.testng.SuiteRunner.runTest(SuiteRunner.java:384)
at org.testng.SuiteRunner.runSequentially(SuiteRunner.java:378)
at org.testng.SuiteRunner.privateRun(SuiteRunner.java:337)
at org.testng.SuiteRunner.run(SuiteRunner.java:286)
at org.testng.SuiteRunnerWorker.runSuite(SuiteRunnerWorker.java:53)
at org.testng.SuiteRunnerWorker.run(SuiteRunnerWorker.java:96)
at org.testng.TestNG.runSuitesSequentially(TestNG.java:1218)
at org.testng.TestNG.runSuitesLocally(TestNG.java:1140)
at org.testng.TestNG.runSuites(TestNG.java:1069)
at org.testng.TestNG.run(TestNG.java:1037)
at org.apache.maven.surefire.testng.TestNGExecutor.run(TestNGExecutor.java:284)
at org.apache.maven.surefire.testng.TestNGXmlTestSuite.execute(TestNGXmlTestSuite.java:75)
at org.apache.maven.surefire.testng.TestNGProvider.invoke(TestNGProvider.java:119)
at org.apache.maven.surefire.booter.ForkedBooter.runSuitesInProcess(ForkedBooter.java:428)
at org.apache.maven.surefire.booter.ForkedBooter.execute(ForkedBooter.java:162)
at org.apache.maven.surefire.booter.ForkedBooter.run(ForkedBooter.java:562)
at org.apache.maven.surefire.booter.ForkedBooter.main(ForkedBooter.java:548)
]]>
            </full-stacktrace>
          </exception> <!-- org.openqa.selenium.NoSuchElementException -->
          <reporter-output>
          </reporter-output>
        </test-method> <!-- validproductDescription -->
        <test-method status="PASS" signature="tearDown()[pri:0, instance:com.TestCategoriesPage.CategoriesPageTest@43fe0e]" name="tearDown" is-config="true" duration-ms="6840" started-at="2021-04-10T14:11:09 IST" finished-at="2021-04-10T14:11:16 IST">
          <reporter-output>
          </reporter-output>
        </test-method> <!-- tearDown -->
      </class> <!-- com.TestCategoriesPage.CategoriesPageTest -->
    </test> <!-- my prime shop Test Cases -->
  </suite> <!-- my prime shop ecommerse online web application Suite -->
</testng-results>
