<?xml version="1.0" encoding="UTF-8"?>
<testsuite xmlns:xsi="http://www.w3.org/2001/XMLSchema-instance" xsi:noNamespaceSchemaLocation="https://maven.apache.org/surefire/maven-surefire-plugin/xsd/surefire-test-report-3.0.xsd" version="3.0" name="TestSuite" time="339.75" tests="11" errors="0" skipped="0" failures="2">
  <properties>
[...]
</properties>
  <testcase name="crossBtn" classname="com.TestCategoriesPage.CategoriesPageTest" time="1.624">
    <system-out><![CDATA[Before navigating to: 'https://myshopprime.com/suhas.dhanorkar1'
Navigated to:'https://myshopprime.com/suhas.dhanorkar1'
Trying to find Element By : By.xpath: //button[@class="focus:outline-none border-0 p-2"]
Found Element By : By.xpath: //button[@class="focus:outline-none border-0 p-2"]
Trying to click on: [[ChromeDriver: chrome on WINDOWS (af75fdc88c06bf8761e74223ad38a090)] -> xpath: //button[@class="focus:outline-none border-0 p-2"]]
Clicked on: [[ChromeDriver: chrome on WINDOWS (af75fdc88c06bf8761e74223ad38a090)] -> xpath: //button[@class="focus:outline-none border-0 p-2"]]
04-18-2021 19:32:18 categoriesPage.java INFO  [main] testbase.TestBase 33 - cross btn is clicked
]]></system-out>
    <system-err><![CDATA[Starting ChromeDriver 89.0.4389.23 (61b08ee2c50024bab004e48d2b1b083cdbdac579-refs/branch-heads/4389@{#294}) on port 4092
Only local connections are allowed.
Please see https://chromedriver.chromium.org/security-considerations for suggestions on keeping ChromeDriver safe.
ChromeDriver was started successfully.
Apr 18, 2021 7:32:00 PM org.openqa.selenium.remote.ProtocolHandshake createSession
INFO: Detected dialect: W3C
]]></system-err>
  </testcase>
  <testcase name="categoryBtn" classname="com.TestCategoriesPage.CategoriesPageTest" time="0.176">
    <system-out><![CDATA[Trying to find Element By : By.xpath: //p[text()="Categories"]
Found Element By : By.xpath: //p[text()="Categories"]
Trying to click on: [[ChromeDriver: chrome on WINDOWS (af75fdc88c06bf8761e74223ad38a090)] -> xpath: //p[text()="Categories"]]
Clicked on: [[ChromeDriver: chrome on WINDOWS (af75fdc88c06bf8761e74223ad38a090)] -> xpath: //p[text()="Categories"]]
04-18-2021 19:32:19 categoriesPage.java INFO  [main] testbase.TestBase 37 - category btn is clicked
]]></system-out>
  </testcase>
  <testcase name="validTitle" classname="com.TestCategoriesPage.CategoriesPageTest" time="0.008">
    <system-out><![CDATA[04-18-2021 19:32:19 categoriesPage.java INFO  [main] testbase.TestBase 43 - Page title matched::MyShopPrime
]]></system-out>
  </testcase>
  <testcase name="validCategories" classname="com.TestCategoriesPage.CategoriesPageTest" time="43.203">
    <system-out><![CDATA[Trying to find Element By : By.xpath: //div[text()='Women']
Found Element By : By.xpath: //div[text()='Women']
Trying to find Element By : By.xpath: //div[text()='Women']
Found Element By : By.xpath: //div[text()='Women']
Trying to find Element By : By.xpath: //div[text()='Men']
Found Element By : By.xpath: //div[text()='Men']
Trying to find Element By : By.xpath: //div[text()='Men']
Found Element By : By.xpath: //div[text()='Men']
Trying to find Element By : By.xpath: //div[text()='Baby & Kids']
Found Element By : By.xpath: //div[text()='Baby & Kids']
Trying to find Element By : By.xpath: //div[text()='Baby & Kids']
Found Element By : By.xpath: //div[text()='Baby & Kids']
Trying to find Element By : By.xpath: //div[text()='Home & Living']
Found Element By : By.xpath: //div[text()='Home & Living']
Trying to find Element By : By.xpath: //div[text()='Home & Living']
Found Element By : By.xpath: //div[text()='Home & Living']
04-18-2021 19:33:02 categoriesPage.java INFO  [main] testbase.TestBase 64 - Page Header Matched::[Women, Men, Baby & Kids, Home & Living]
]]></system-out>
  </testcase>
  <testcase name="validByCategoriElement" classname="com.TestCategoriesPage.CategoriesPageTest" time="41.78">
    <failure message="no such element: Unable to locate element: {&quot;method&quot;:&quot;xpath&quot;,&quot;selector&quot;:&quot;//a[text()=&apos;Kitchen Tools&apos;]&quot;}&#10;  (Session info: chrome=89.0.4389.128)&#10;For documentation on this error, please visit: https://www.seleniumhq.org/exceptions/no_such_element.html&#10;Build info: version: &apos;3.141.59&apos;, revision: &apos;e82be7d358&apos;, time: &apos;2018-11-14T08:17:03&apos;&#10;System info: host: &apos;DESKTOP-LI51MAN&apos;, ip: &apos;192.168.43.195&apos;, os.name: &apos;Windows 10&apos;, os.arch: &apos;x86&apos;, os.version: &apos;10.0&apos;, java.version: &apos;1.8.0_151&apos;&#10;Driver info: org.openqa.selenium.chrome.ChromeDriver&#10;Capabilities {acceptInsecureCerts: false, browserName: chrome, browserVersion: 89.0.4389.128, chrome: {chromedriverVersion: 89.0.4389.23 (61b08ee2c5002..., userDataDir: C:\Users\Akshay\AppData\Loc...}, goog:chromeOptions: {debuggerAddress: localhost:54000}, javascriptEnabled: true, networkConnectionEnabled: false, pageLoadStrategy: normal, platform: WINDOWS, platformName: WINDOWS, proxy: Proxy(), setWindowRect: true, strictFileInteractability: false, timeouts: {implicit: 0, pageLoad: 300000, script: 30000}, unhandledPromptBehavior: dismiss and notify, webauthn:extension:largeBlob: true, webauthn:virtualAuthenticators: true}&#10;Session ID: af75fdc88c06bf8761e74223ad38a090&#10;*** Element info: {Using=xpath, value=//a[text()=&apos;Kitchen Tools&apos;]}" type="org.openqa.selenium.NoSuchElementException"><![CDATA[org.openqa.selenium.NoSuchElementException: 
no such element: Unable to locate element: {"method":"xpath","selector":"//a[text()='Kitchen Tools']"}
  (Session info: chrome=89.0.4389.128)
For documentation on this error, please visit: https://www.seleniumhq.org/exceptions/no_such_element.html
Build info: version: '3.141.59', revision: 'e82be7d358', time: '2018-11-14T08:17:03'
System info: host: 'DESKTOP-LI51MAN', ip: '192.168.43.195', os.name: 'Windows 10', os.arch: 'x86', os.version: '10.0', java.version: '1.8.0_151'
Driver info: org.openqa.selenium.chrome.ChromeDriver
Capabilities {acceptInsecureCerts: false, browserName: chrome, browserVersion: 89.0.4389.128, chrome: {chromedriverVersion: 89.0.4389.23 (61b08ee2c5002..., userDataDir: C:\Users\Akshay\AppData\Loc...}, goog:chromeOptions: {debuggerAddress: localhost:54000}, javascriptEnabled: true, networkConnectionEnabled: false, pageLoadStrategy: normal, platform: WINDOWS, platformName: WINDOWS, proxy: Proxy(), setWindowRect: true, strictFileInteractability: false, timeouts: {implicit: 0, pageLoad: 300000, script: 30000}, unhandledPromptBehavior: dismiss and notify, webauthn:extension:largeBlob: true, webauthn:virtualAuthenticators: true}
Session ID: af75fdc88c06bf8761e74223ad38a090
*** Element info: {Using=xpath, value=//a[text()='Kitchen Tools']}
	at com.TestCategoriesPage.CategoriesPageTest.validByCategoriElement(CategoriesPageTest.java:48)
]]></failure>
    <system-out><![CDATA[Trying to find Element By : By.xpath: //a[text()='Wallets']
Found Element By : By.xpath: //a[text()='Wallets']
Trying to find Element By : By.xpath: //a[text()='Wallets']
Found Element By : By.xpath: //a[text()='Wallets']
Trying to find Element By : By.xpath: //a[text()='Active Wear']
Found Element By : By.xpath: //a[text()='Active Wear']
Trying to find Element By : By.xpath: //a[text()='Active Wear']
Found Element By : By.xpath: //a[text()='Active Wear']
Trying to find Element By : By.xpath: //a[text()='Messenger & Duffle Bags']
Found Element By : By.xpath: //a[text()='Messenger & Duffle Bags']
Trying to find Element By : By.xpath: //a[text()='Messenger & Duffle Bags']
Found Element By : By.xpath: //a[text()='Messenger & Duffle Bags']
Trying to find Element By : By.xpath: //a[text()='Kitchen Tools']
Exception occured: org.openqa.selenium.NoSuchElementException: no such element: Unable to locate element: {"method":"xpath","selector":"//a[text()='Kitchen Tools']"}
  (Session info: chrome=89.0.4389.128)
For documentation on this error, please visit: https://www.seleniumhq.org/exceptions/no_such_element.html
Build info: version: '3.141.59', revision: 'e82be7d358', time: '2018-11-14T08:17:03'
System info: host: 'DESKTOP-LI51MAN', ip: '192.168.43.195', os.name: 'Windows 10', os.arch: 'x86', os.version: '10.0', java.version: '1.8.0_151'
Driver info: org.openqa.selenium.chrome.ChromeDriver
Capabilities {acceptInsecureCerts: false, browserName: chrome, browserVersion: 89.0.4389.128, chrome: {chromedriverVersion: 89.0.4389.23 (61b08ee2c5002..., userDataDir: C:\Users\Akshay\AppData\Loc...}, goog:chromeOptions: {debuggerAddress: localhost:54000}, javascriptEnabled: true, networkConnectionEnabled: false, pageLoadStrategy: normal, platform: WINDOWS, platformName: WINDOWS, proxy: Proxy(), setWindowRect: true, strictFileInteractability: false, timeouts: {implicit: 0, pageLoad: 300000, script: 30000}, unhandledPromptBehavior: dismiss and notify, webauthn:extension:largeBlob: true, webauthn:virtualAuthenticators: true}
Session ID: af75fdc88c06bf8761e74223ad38a090
*** Element info: {Using=xpath, value=//a[text()='Kitchen Tools']}
]]></system-out>
  </testcase>
  <testcase name="validWomenProducts" classname="com.TestCategoriesPage.CategoriesPageTest" time="5.982">
    <system-out><![CDATA[Trying to find Element By : By.xpath: //div[text()="Women"]
Found Element By : By.xpath: //div[text()="Women"]
Trying to click on: [[ChromeDriver: chrome on WINDOWS (af75fdc88c06bf8761e74223ad38a090)] -> xpath: //div[text()="Women"]]
Clicked on: [[ChromeDriver: chrome on WINDOWS (af75fdc88c06bf8761e74223ad38a090)] -> xpath: //div[text()="Women"]]
Trying to find Element By : By.xpath: //div[text()='Ethnic Wear']
Found Element By : By.xpath: //div[text()='Ethnic Wear']
Trying to find Element By : By.xpath: //div[text()='Ethnic Wear']
Found Element By : By.xpath: //div[text()='Ethnic Wear']
Trying to find Element By : By.xpath: //div[text()='Western Wear']
Found Element By : By.xpath: //div[text()='Western Wear']
Trying to find Element By : By.xpath: //div[text()='Western Wear']
Found Element By : By.xpath: //div[text()='Western Wear']
Trying to find Element By : By.xpath: //div[text()='Jewellery']
Found Element By : By.xpath: //div[text()='Jewellery']
Trying to find Element By : By.xpath: //div[text()='Jewellery']
Found Element By : By.xpath: //div[text()='Jewellery']
Trying to find Element By : By.xpath: //div[text()='Watches & Wearables']
Found Element By : By.xpath: //div[text()='Watches & Wearables']
Trying to find Element By : By.xpath: //div[text()='Watches & Wearables']
Found Element By : By.xpath: //div[text()='Watches & Wearables']
Trying to find Element By : By.xpath: //div[text()='Winter Wear']
Found Element By : By.xpath: //div[text()='Winter Wear']
Trying to find Element By : By.xpath: //div[text()='Winter Wear']
Found Element By : By.xpath: //div[text()='Winter Wear']
04-18-2021 19:33:50 categoriesPage.java INFO  [main] testbase.TestBase 106 - Page women products is Matched::[Ethnic Wear, Western Wear, Jewellery, Watches & Wearables, Winter Wear]
]]></system-out>
  </testcase>
  <testcase name="validproductswallet" classname="com.TestCategoriesPage.CategoriesPageTest" time="24.27">
    <system-out><![CDATA[Trying to find Element By : By.linkText: Wallets
Found Element By : By.linkText: Wallets
Trying to click on: [[ChromeDriver: chrome on WINDOWS (af75fdc88c06bf8761e74223ad38a090)] -> link text: Wallets]
Clicked on: [[ChromeDriver: chrome on WINDOWS (af75fdc88c06bf8761e74223ad38a090)] -> link text: Wallets]
Trying to find Element By : By.xpath: //p[text()='Essential Genuine Leather Solid Wallet']
Found Element By : By.xpath: //p[text()='Essential Genuine Leather Solid Wallet']
Trying to find Element By : By.xpath: //p[text()='Essential Genuine Leather Solid Wallet']
Found Element By : By.xpath: //p[text()='Essential Genuine Leather Solid Wallet']
Trying to find Element By : By.xpath: //p[text()='Trendy PU Black Chip ATM Wallet For Men']
Found Element By : By.xpath: //p[text()='Trendy PU Black Chip ATM Wallet For Men']
Trying to find Element By : By.xpath: //p[text()='Trendy PU Black Chip ATM Wallet For Men']
Found Element By : By.xpath: //p[text()='Trendy PU Black Chip ATM Wallet For Men']
Trying to find Element By : By.xpath: //p[text()='Trendy PU Card Holder Wallet']
Found Element By : By.xpath: //p[text()='Trendy PU Card Holder Wallet']
Trying to find Element By : By.xpath: //p[text()='Trendy PU Card Holder Wallet']
Found Element By : By.xpath: //p[text()='Trendy PU Card Holder Wallet']
Navigating back to previous page
Navigated back to previous page
04-18-2021 19:34:14 categoriesPage.java INFO  [main] testbase.TestBase 129 - Page product wallet is Matched::[Essential Genuine Leather Solid Wallet, Trendy PU Black Chip ATM Wallet For Men, Trendy PU Card Holder Wallet]
]]></system-out>
  </testcase>
  <testcase name="validProductMassagnerDuffle" classname="com.TestCategoriesPage.CategoriesPageTest" time="8.805">
    <system-out><![CDATA[Trying to find Element By : By.linkText: Messenger & Duffle Bags
Found Element By : By.linkText: Messenger & Duffle Bags
Trying to click on: [[ChromeDriver: chrome on WINDOWS (af75fdc88c06bf8761e74223ad38a090)] -> link text: Messenger & Duffle Bags]
Clicked on: [[ChromeDriver: chrome on WINDOWS (af75fdc88c06bf8761e74223ad38a090)] -> link text: Messenger & Duffle Bags]
Trying to find Element By : By.xpath: //p[@class="text-xs truncate text-gray-600 leading-6 mb-2"]
Found Element By : By.xpath: //p[@class="text-xs truncate text-gray-600 leading-6 mb-2"]
Navigating back to previous page
Navigated back to previous page
04-18-2021 19:34:23 categoriesPage.java INFO  [main] testbase.TestBase 151 - Page products in messenger and duffles is Matched::[ADK Red color Sling-Messenger Bag-AD-BAG-001, ADK Black color Silb-Messenge Bag-AD-BAG-002, ADK Tan color Silng-Messenge Bag-AD-BAG-003, ADK Dark Blue color Silng-Messenge Bag-]
]]></system-out>
  </testcase>
  <testcase name="validToolsInKitchen" classname="com.TestCategoriesPage.CategoriesPageTest" time="20.428">
    <failure message="no such element: Unable to locate element: {&quot;method&quot;:&quot;link text&quot;,&quot;selector&quot;:&quot;Kitchen Tools&quot;}&#10;  (Session info: chrome=89.0.4389.128)&#10;For documentation on this error, please visit: https://www.seleniumhq.org/exceptions/no_such_element.html&#10;Build info: version: &apos;3.141.59&apos;, revision: &apos;e82be7d358&apos;, time: &apos;2018-11-14T08:17:03&apos;&#10;System info: host: &apos;DESKTOP-LI51MAN&apos;, ip: &apos;192.168.43.195&apos;, os.name: &apos;Windows 10&apos;, os.arch: &apos;x86&apos;, os.version: &apos;10.0&apos;, java.version: &apos;1.8.0_151&apos;&#10;Driver info: org.openqa.selenium.chrome.ChromeDriver&#10;Capabilities {acceptInsecureCerts: false, browserName: chrome, browserVersion: 89.0.4389.128, chrome: {chromedriverVersion: 89.0.4389.23 (61b08ee2c5002..., userDataDir: C:\Users\Akshay\AppData\Loc...}, goog:chromeOptions: {debuggerAddress: localhost:54000}, javascriptEnabled: true, networkConnectionEnabled: false, pageLoadStrategy: normal, platform: WINDOWS, platformName: WINDOWS, proxy: Proxy(), setWindowRect: true, strictFileInteractability: false, timeouts: {implicit: 0, pageLoad: 300000, script: 30000}, unhandledPromptBehavior: dismiss and notify, webauthn:extension:largeBlob: true, webauthn:virtualAuthenticators: true}&#10;Session ID: af75fdc88c06bf8761e74223ad38a090&#10;*** Element info: {Using=link text, value=Kitchen Tools}" type="org.openqa.selenium.NoSuchElementException"><![CDATA[org.openqa.selenium.NoSuchElementException: 
no such element: Unable to locate element: {"method":"link text","selector":"Kitchen Tools"}
  (Session info: chrome=89.0.4389.128)
For documentation on this error, please visit: https://www.seleniumhq.org/exceptions/no_such_element.html
Build info: version: '3.141.59', revision: 'e82be7d358', time: '2018-11-14T08:17:03'
System info: host: 'DESKTOP-LI51MAN', ip: '192.168.43.195', os.name: 'Windows 10', os.arch: 'x86', os.version: '10.0', java.version: '1.8.0_151'
Driver info: org.openqa.selenium.chrome.ChromeDriver
Capabilities {acceptInsecureCerts: false, browserName: chrome, browserVersion: 89.0.4389.128, chrome: {chromedriverVersion: 89.0.4389.23 (61b08ee2c5002..., userDataDir: C:\Users\Akshay\AppData\Loc...}, goog:chromeOptions: {debuggerAddress: localhost:54000}, javascriptEnabled: true, networkConnectionEnabled: false, pageLoadStrategy: normal, platform: WINDOWS, platformName: WINDOWS, proxy: Proxy(), setWindowRect: true, strictFileInteractability: false, timeouts: {implicit: 0, pageLoad: 300000, script: 30000}, unhandledPromptBehavior: dismiss and notify, webauthn:extension:largeBlob: true, webauthn:virtualAuthenticators: true}
Session ID: af75fdc88c06bf8761e74223ad38a090
*** Element info: {Using=link text, value=Kitchen Tools}
	at com.TestCategoriesPage.CategoriesPageTest.validToolsInKitchen(CategoriesPageTest.java:64)
]]></failure>
    <system-out><![CDATA[Trying to find Element By : By.linkText: Kitchen Tools
Exception occured: org.openqa.selenium.NoSuchElementException: no such element: Unable to locate element: {"method":"link text","selector":"Kitchen Tools"}
  (Session info: chrome=89.0.4389.128)
For documentation on this error, please visit: https://www.seleniumhq.org/exceptions/no_such_element.html
Build info: version: '3.141.59', revision: 'e82be7d358', time: '2018-11-14T08:17:03'
System info: host: 'DESKTOP-LI51MAN', ip: '192.168.43.195', os.name: 'Windows 10', os.arch: 'x86', os.version: '10.0', java.version: '1.8.0_151'
Driver info: org.openqa.selenium.chrome.ChromeDriver
Capabilities {acceptInsecureCerts: false, browserName: chrome, browserVersion: 89.0.4389.128, chrome: {chromedriverVersion: 89.0.4389.23 (61b08ee2c5002..., userDataDir: C:\Users\Akshay\AppData\Loc...}, goog:chromeOptions: {debuggerAddress: localhost:54000}, javascriptEnabled: true, networkConnectionEnabled: false, pageLoadStrategy: normal, platform: WINDOWS, platformName: WINDOWS, proxy: Proxy(), setWindowRect: true, strictFileInteractability: false, timeouts: {implicit: 0, pageLoad: 300000, script: 30000}, unhandledPromptBehavior: dismiss and notify, webauthn:extension:largeBlob: true, webauthn:virtualAuthenticators: true}
Session ID: af75fdc88c06bf8761e74223ad38a090
*** Element info: {Using=link text, value=Kitchen Tools}
]]></system-out>
  </testcase>
  <testcase name="buyProductValid" classname="com.TestCategoriesPage.CategoriesPageTest" time="134.496">
    <system-out><![CDATA[Trying to find Element By : By.xpath: //div[text()='Men']
Found Element By : By.xpath: //div[text()='Men']
Trying to click on: [[ChromeDriver: chrome on WINDOWS (af75fdc88c06bf8761e74223ad38a090)] -> xpath: //div[text()='Men']]
Clicked on: [[ChromeDriver: chrome on WINDOWS (af75fdc88c06bf8761e74223ad38a090)] -> xpath: //div[text()='Men']]
Trying to find Element By : By.xpath: //div[text()='Footwear']
Found Element By : By.xpath: //div[text()='Footwear']
Trying to click on: [[ChromeDriver: chrome on WINDOWS (af75fdc88c06bf8761e74223ad38a090)] -> xpath: //div[text()='Footwear']]
Clicked on: [[ChromeDriver: chrome on WINDOWS (af75fdc88c06bf8761e74223ad38a090)] -> xpath: //div[text()='Footwear']]
Trying to find Element By : By.xpath: //a[text()='Casual Shoes']
Found Element By : By.xpath: //a[text()='Casual Shoes']
Trying to find Element By : By.xpath: //img[@alt='Men Blue Slip-On Canvas Casual Shoes']
Found Element By : By.xpath: //img[@alt='Men Blue Slip-On Canvas Casual Shoes']
Trying to click on: [[ChromeDriver: chrome on WINDOWS (af75fdc88c06bf8761e74223ad38a090)] -> xpath: //img[@alt='Men Blue Slip-On Canvas Casual Shoes']]
Clicked on: [[ChromeDriver: chrome on WINDOWS (af75fdc88c06bf8761e74223ad38a090)] -> xpath: //img[@alt='Men Blue Slip-On Canvas Casual Shoes']]
Trying to find Element By : By.xpath: //button[text()='UK6']
Found Element By : By.xpath: //button[text()='UK6']
Trying to click on: [[ChromeDriver: chrome on WINDOWS (af75fdc88c06bf8761e74223ad38a090)] -> xpath: //button[text()='UK6']]
Clicked on: [[ChromeDriver: chrome on WINDOWS (af75fdc88c06bf8761e74223ad38a090)] -> xpath: //button[text()='UK6']]
Trying to find Element By : By.xpath: //button[@class='sc-kGXeez sc-ksYbfQ kvajiu']
Found Element By : By.xpath: //button[@class='sc-kGXeez sc-ksYbfQ kvajiu']
Trying to click on: [[ChromeDriver: chrome on WINDOWS (af75fdc88c06bf8761e74223ad38a090)] -> xpath: //button[@class='sc-kGXeez sc-ksYbfQ kvajiu']]
Clicked on: [[ChromeDriver: chrome on WINDOWS (af75fdc88c06bf8761e74223ad38a090)] -> xpath: //button[@class='sc-kGXeez sc-ksYbfQ kvajiu']]
Trying to find Element By : By.xpath: //input[@name='phone']
Found Element By : By.xpath: //input[@name='phone']
Trying to find Element By : By.xpath: //button[text()='Send OTP']
Found Element By : By.xpath: //button[text()='Send OTP']
Trying to click on: [[ChromeDriver: chrome on WINDOWS (af75fdc88c06bf8761e74223ad38a090)] -> xpath: //button[text()='Send OTP']]
Clicked on: [[ChromeDriver: chrome on WINDOWS (af75fdc88c06bf8761e74223ad38a090)] -> xpath: //button[text()='Send OTP']]
Trying to find Element By : By.xpath: //button[@type='submit']
Found Element By : By.xpath: //button[@type='submit']
Trying to click on: [[ChromeDriver: chrome on WINDOWS (af75fdc88c06bf8761e74223ad38a090)] -> xpath: //button[@type='submit']]
Clicked on: [[ChromeDriver: chrome on WINDOWS (af75fdc88c06bf8761e74223ad38a090)] -> xpath: //button[@type='submit']]
Trying to find Element By : By.xpath: //a[@class='sc-kGXeez sc-hIVACf itkzsS']
Found Element By : By.xpath: //a[@class='sc-kGXeez sc-hIVACf itkzsS']
Trying to click on: [[ChromeDriver: chrome on WINDOWS (af75fdc88c06bf8761e74223ad38a090)] -> xpath: //a[@class='sc-kGXeez sc-hIVACf itkzsS']]
Clicked on: [[ChromeDriver: chrome on WINDOWS (af75fdc88c06bf8761e74223ad38a090)] -> xpath: //a[@class='sc-kGXeez sc-hIVACf itkzsS']]
Trying to find Element By : By.xpath: //button[text()='Add New Address']
Found Element By : By.xpath: //button[text()='Add New Address']
Trying to click on: [[ChromeDriver: chrome on WINDOWS (af75fdc88c06bf8761e74223ad38a090)] -> xpath: //button[text()='Add New Address']]
Clicked on: [[ChromeDriver: chrome on WINDOWS (af75fdc88c06bf8761e74223ad38a090)] -> xpath: //button[text()='Add New Address']]
Trying to find Element By : By.id: name
Found Element By : By.id: name
Trying to find Element By : By.id: mobile
Found Element By : By.id: mobile
Trying to find Element By : By.id: email
Found Element By : By.id: email
Trying to find Element By : By.id: houseNo
Found Element By : By.id: houseNo
Trying to find Element By : By.id: houseNo
Found Element By : By.id: houseNo
Trying to find Element By : By.id: streetAddress
Found Element By : By.id: streetAddress
Trying to find Element By : By.id: pincode
Found Element By : By.id: pincode
Trying to find Element By : By.xpath: //button[text()='Save Address']
Found Element By : By.xpath: //button[text()='Save Address']
Trying to click on: [[ChromeDriver: chrome on WINDOWS (af75fdc88c06bf8761e74223ad38a090)] -> xpath: //button[text()='Save Address']]
Clicked on: [[ChromeDriver: chrome on WINDOWS (af75fdc88c06bf8761e74223ad38a090)] -> xpath: //button[text()='Save Address']]
04-18-2021 19:36:50 categoriesPage.java INFO  [main] testbase.TestBase 214 - Address saved successfully
Before navigating to: 'https://myshopprime.com/suhas.dhanorkar1/gAF4lS8/categories'
Navigated to:'https://myshopprime.com/suhas.dhanorkar1/gAF4lS8/categories'
04-18-2021 19:36:58 categoriesPage.java INFO  [main] testbase.TestBase 219 - MyShopPrime
04-18-2021 19:36:58 categoriesPage.java INFO  [main] testbase.TestBase 220 - MyShopPrime
04-18-2021 19:36:58 categoriesPage.java INFO  [main] testbase.TestBase 222 - Page Header Matched::MyShopPrime
]]></system-out>
  </testcase>
  <testcase name="validproductDescription" classname="com.TestCategoriesPage.CategoriesPageTest" time="27.8">
    <system-out><![CDATA[Trying to find Element By : By.xpath: //div[text()="Women"]
Found Element By : By.xpath: //div[text()="Women"]
Trying to click on: [[ChromeDriver: chrome on WINDOWS (af75fdc88c06bf8761e74223ad38a090)] -> xpath: //div[text()="Women"]]
Clicked on: [[ChromeDriver: chrome on WINDOWS (af75fdc88c06bf8761e74223ad38a090)] -> xpath: //div[text()="Women"]]
Trying to find Element By : By.xpath: //div[text()="Ethnic Wear"]
Found Element By : By.xpath: //div[text()="Ethnic Wear"]
Trying to click on: [[ChromeDriver: chrome on WINDOWS (af75fdc88c06bf8761e74223ad38a090)] -> xpath: //div[text()="Ethnic Wear"]]
Clicked on: [[ChromeDriver: chrome on WINDOWS (af75fdc88c06bf8761e74223ad38a090)] -> xpath: //div[text()="Ethnic Wear"]]
Trying to find Element By : By.xpath: //a[text()="Sarees"]
Found Element By : By.xpath: //a[text()="Sarees"]
Trying to click on: [[ChromeDriver: chrome on WINDOWS (af75fdc88c06bf8761e74223ad38a090)] -> xpath: //a[text()="Sarees"]]
Clicked on: [[ChromeDriver: chrome on WINDOWS (af75fdc88c06bf8761e74223ad38a090)] -> xpath: //a[text()="Sarees"]]
Trying to find Element By : By.xpath: //p[text()="Blue Printed Georgette Saree"]
Found Element By : By.xpath: //p[text()="Blue Printed Georgette Saree"]
Trying to click on: [[ChromeDriver: chrome on WINDOWS (af75fdc88c06bf8761e74223ad38a090)] -> xpath: //p[text()="Blue Printed Georgette Saree"]]
Clicked on: [[ChromeDriver: chrome on WINDOWS (af75fdc88c06bf8761e74223ad38a090)] -> xpath: //p[text()="Blue Printed Georgette Saree"]]
Trying to find Element By : By.xpath: //span[text()="Saree Color : Light Blue, Saree Fabric: Georgette, Saree Length : 5.3 mtr, Saree Work : Printed, Blouse Color : Blue, Blouse Fabric : Georgette, Blouse Length : 0.7 mtr, Blouse Work : Printed, Weight Kgs : 0.4, Occasion : Casual,party,wedding"]
Found Element By : By.xpath: //span[text()="Saree Color : Light Blue, Saree Fabric: Georgette, Saree Length : 5.3 mtr, Saree Work : Printed, Blouse Color : Blue, Blouse Fabric : Georgette, Blouse Length : 0.7 mtr, Blouse Work : Printed, Weight Kgs : 0.4, Occasion : Casual,party,wedding"]
04-18-2021 19:37:19 categoriesPage.java INFO  [main] testbase.TestBase 243 - [Saree Color : Light Blue, Saree Fabric: Georgette, Saree Length : 5.3 mtr, Saree Work : Printed, Blouse Color : Blue, Blouse Fabric : Georgette, Blouse Length : 0.7 mtr, Blouse Work : Printed, Weight Kgs : 0.4, Occasion : Casual,party,wedding]
04-18-2021 19:37:19 categoriesPage.java INFO  [main] testbase.TestBase 244 - [Saree Color : Light Blue, Saree Fabric: Georgette, Saree Length : 5.3 mtr, Saree Work : Printed, Blouse Color : Blue, Blouse Fabric : Georgette, Blouse Length : 0.7 mtr, Blouse Work : Printed, Weight Kgs : 0.4, Occasion : Casual,party,wedding]
Navigating back to previous page
Navigated back to previous page
Navigating back to previous page
Navigated back to previous page
04-18-2021 19:37:25 categoriesPage.java INFO  [main] testbase.TestBase 251 - Page Header Matched::[Saree Color : Light Blue, Saree Fabric: Georgette, Saree Length : 5.3 mtr, Saree Work : Printed, Blouse Color : Blue, Blouse Fabric : Georgette, Blouse Length : 0.7 mtr, Blouse Work : Printed, Weight Kgs : 0.4, Occasion : Casual,party,wedding]
]]></system-out>
  </testcase>
</testsuite>