<?xml version="1.0" encoding="UTF-8"?>
<testsuite xmlns:xsi="http://www.w3.org/2001/XMLSchema-instance" xsi:noNamespaceSchemaLocation="https://maven.apache.org/surefire/maven-surefire-plugin/xsd/surefire-test-report-3.0.xsd" version="3.0" name="TestSuite" time="313.783" tests="11" errors="0" skipped="0" failures="1">
  <properties>
[...]
</properties>
  <testcase name="crossBtn" classname="com.TestCategoriesPage.CategoriesPageTest" time="0.163">
    <system-out><![CDATA[Before navigating to: 'https://myshopprime.com/suhas.dhanorkar1'
Navigated to:'https://myshopprime.com/suhas.dhanorkar1'
Trying to find Element By : By.xpath: //button[@class="focus:outline-none border-0 p-2"]
Found Element By : By.xpath: //button[@class="focus:outline-none border-0 p-2"]
Trying to click on: [[ChromeDriver: chrome on WINDOWS (01a056b9272e7f86dcfbf137111fe79d)] -> xpath: //button[@class="focus:outline-none border-0 p-2"]]
Clicked on: [[ChromeDriver: chrome on WINDOWS (01a056b9272e7f86dcfbf137111fe79d)] -> xpath: //button[@class="focus:outline-none border-0 p-2"]]
04-10-2021 14:06:30 categoriesPage.java INFO  [main] testbase.TestBase 33 - cross btn is clicked
]]></system-out>
    <system-err><![CDATA[Starting ChromeDriver 89.0.4389.23 (61b08ee2c50024bab004e48d2b1b083cdbdac579-refs/branch-heads/4389@{#294}) on port 20297
Only local connections are allowed.
Please see https://chromedriver.chromium.org/security-considerations for suggestions on keeping ChromeDriver safe.
ChromeDriver was started successfully.
Apr 10, 2021 2:06:11 PM org.openqa.selenium.remote.ProtocolHandshake createSession
INFO: Detected dialect: W3C
]]></system-err>
  </testcase>
  <testcase name="categoryBtn" classname="com.TestCategoriesPage.CategoriesPageTest" time="0.125">
    <system-out><![CDATA[Trying to find Element By : By.xpath: //p[text()="Categories"]
Found Element By : By.xpath: //p[text()="Categories"]
Trying to click on: [[ChromeDriver: chrome on WINDOWS (01a056b9272e7f86dcfbf137111fe79d)] -> xpath: //p[text()="Categories"]]
Clicked on: [[ChromeDriver: chrome on WINDOWS (01a056b9272e7f86dcfbf137111fe79d)] -> xpath: //p[text()="Categories"]]
04-10-2021 14:06:30 categoriesPage.java INFO  [main] testbase.TestBase 37 - category btn is clicked
]]></system-out>
  </testcase>
  <testcase name="validTitle" classname="com.TestCategoriesPage.CategoriesPageTest" time="0.015">
    <system-out><![CDATA[04-10-2021 14:06:30 categoriesPage.java INFO  [main] testbase.TestBase 43 - Page title matched::MyShopPrime
]]></system-out>
  </testcase>
  <testcase name="validCategories" classname="com.TestCategoriesPage.CategoriesPageTest" time="43.66">
    <system-out><![CDATA[Trying to find Element By : By.xpath: //div[text()='Women']
Found Element By : By.xpath: //div[text()='Women']
Trying to find Element By : By.xpath: //div[text()='Women']
Found Element By : By.xpath: //div[text()='Women']
Trying to find Element By : By.xpath: //div[text()='Men']
Found Element By : By.xpath: //div[text()='Men']
Trying to find Element By : By.xpath: //div[text()='Men']
Found Element By : By.xpath: //div[text()='Men']
Trying to find Element By : By.xpath: //div[text()='Baby & Kids']
Found Element By : By.xpath: //div[text()='Baby & Kids']
Trying to find Element By : By.xpath: //div[text()='Baby & Kids']
Found Element By : By.xpath: //div[text()='Baby & Kids']
Trying to find Element By : By.xpath: //div[text()='Home & Living']
Found Element By : By.xpath: //div[text()='Home & Living']
Trying to find Element By : By.xpath: //div[text()='Home & Living']
Found Element By : By.xpath: //div[text()='Home & Living']
04-10-2021 14:07:13 categoriesPage.java INFO  [main] testbase.TestBase 64 - Page Header Matched::[Women, Men, Baby & Kids, Home & Living]
]]></system-out>
  </testcase>
  <testcase name="validByCategoriElement" classname="com.TestCategoriesPage.CategoriesPageTest" time="20.714">
    <system-out><![CDATA[Trying to find Element By : By.xpath: //a[text()='Wallets']
Found Element By : By.xpath: //a[text()='Wallets']
Trying to find Element By : By.xpath: //a[text()='Wallets']
Found Element By : By.xpath: //a[text()='Wallets']
Trying to find Element By : By.xpath: //a[text()='Active Wear']
Found Element By : By.xpath: //a[text()='Active Wear']
Trying to find Element By : By.xpath: //a[text()='Active Wear']
Found Element By : By.xpath: //a[text()='Active Wear']
Trying to find Element By : By.xpath: //a[text()='Messenger & Duffle Bags']
Found Element By : By.xpath: //a[text()='Messenger & Duffle Bags']
Trying to find Element By : By.xpath: //a[text()='Messenger & Duffle Bags']
Found Element By : By.xpath: //a[text()='Messenger & Duffle Bags']
Trying to find Element By : By.xpath: //a[text()='Kitchen Tools']
Found Element By : By.xpath: //a[text()='Kitchen Tools']
Trying to find Element By : By.xpath: //a[text()='Kitchen Tools']
Found Element By : By.xpath: //a[text()='Kitchen Tools']
04-10-2021 14:07:34 categoriesPage.java INFO  [main] testbase.TestBase 84 - Page shp by categories Matched::[Wallets, Active Wear, Messenger & Duffle Bags, Kitchen Tools]
]]></system-out>
  </testcase>
  <testcase name="validWomenProducts" classname="com.TestCategoriesPage.CategoriesPageTest" time="5.863">
    <system-out><![CDATA[Trying to find Element By : By.xpath: //div[text()="Women"]
Found Element By : By.xpath: //div[text()="Women"]
Trying to click on: [[ChromeDriver: chrome on WINDOWS (01a056b9272e7f86dcfbf137111fe79d)] -> xpath: //div[text()="Women"]]
Clicked on: [[ChromeDriver: chrome on WINDOWS (01a056b9272e7f86dcfbf137111fe79d)] -> xpath: //div[text()="Women"]]
Trying to find Element By : By.xpath: //div[text()='Ethnic Wear']
Found Element By : By.xpath: //div[text()='Ethnic Wear']
Trying to find Element By : By.xpath: //div[text()='Ethnic Wear']
Found Element By : By.xpath: //div[text()='Ethnic Wear']
Trying to find Element By : By.xpath: //div[text()='Western Wear']
Found Element By : By.xpath: //div[text()='Western Wear']
Trying to find Element By : By.xpath: //div[text()='Western Wear']
Found Element By : By.xpath: //div[text()='Western Wear']
Trying to find Element By : By.xpath: //div[text()='Jewellery']
Found Element By : By.xpath: //div[text()='Jewellery']
Trying to find Element By : By.xpath: //div[text()='Jewellery']
Found Element By : By.xpath: //div[text()='Jewellery']
Trying to find Element By : By.xpath: //div[text()='Watches & Wearables']
Found Element By : By.xpath: //div[text()='Watches & Wearables']
Trying to find Element By : By.xpath: //div[text()='Watches & Wearables']
Found Element By : By.xpath: //div[text()='Watches & Wearables']
Trying to find Element By : By.xpath: //div[text()='Winter Wear']
Found Element By : By.xpath: //div[text()='Winter Wear']
Trying to find Element By : By.xpath: //div[text()='Winter Wear']
Found Element By : By.xpath: //div[text()='Winter Wear']
04-10-2021 14:07:40 categoriesPage.java INFO  [main] testbase.TestBase 106 - Page women products is Matched::[Ethnic Wear, Western Wear, Jewellery, Watches & Wearables, Winter Wear]
]]></system-out>
  </testcase>
  <testcase name="validproductswallet" classname="com.TestCategoriesPage.CategoriesPageTest" time="23.939">
    <system-out><![CDATA[Trying to find Element By : By.linkText: Wallets
Found Element By : By.linkText: Wallets
Trying to click on: [[ChromeDriver: chrome on WINDOWS (01a056b9272e7f86dcfbf137111fe79d)] -> link text: Wallets]
Clicked on: [[ChromeDriver: chrome on WINDOWS (01a056b9272e7f86dcfbf137111fe79d)] -> link text: Wallets]
Trying to find Element By : By.xpath: //p[text()='Essential Genuine Leather Solid Wallet']
Found Element By : By.xpath: //p[text()='Essential Genuine Leather Solid Wallet']
Trying to find Element By : By.xpath: //p[text()='Essential Genuine Leather Solid Wallet']
Found Element By : By.xpath: //p[text()='Essential Genuine Leather Solid Wallet']
Trying to find Element By : By.xpath: //p[text()='Trendy PU Black Chip ATM Wallet For Men']
Found Element By : By.xpath: //p[text()='Trendy PU Black Chip ATM Wallet For Men']
Trying to find Element By : By.xpath: //p[text()='Trendy PU Black Chip ATM Wallet For Men']
Found Element By : By.xpath: //p[text()='Trendy PU Black Chip ATM Wallet For Men']
Trying to find Element By : By.xpath: //p[text()='Trendy PU Card Holder Wallet']
Found Element By : By.xpath: //p[text()='Trendy PU Card Holder Wallet']
Trying to find Element By : By.xpath: //p[text()='Trendy PU Card Holder Wallet']
Found Element By : By.xpath: //p[text()='Trendy PU Card Holder Wallet']
Navigating back to previous page
Navigated back to previous page
04-10-2021 14:08:04 categoriesPage.java INFO  [main] testbase.TestBase 129 - Page product wallet is Matched::[Essential Genuine Leather Solid Wallet, Trendy PU Black Chip ATM Wallet For Men, Trendy PU Card Holder Wallet]
]]></system-out>
  </testcase>
  <testcase name="validProductMassagnerDuffle" classname="com.TestCategoriesPage.CategoriesPageTest" time="8.557">
    <system-out><![CDATA[Trying to find Element By : By.linkText: Messenger & Duffle Bags
Found Element By : By.linkText: Messenger & Duffle Bags
Trying to click on: [[ChromeDriver: chrome on WINDOWS (01a056b9272e7f86dcfbf137111fe79d)] -> link text: Messenger & Duffle Bags]
Clicked on: [[ChromeDriver: chrome on WINDOWS (01a056b9272e7f86dcfbf137111fe79d)] -> link text: Messenger & Duffle Bags]
Trying to find Element By : By.xpath: //p[@class="text-xs truncate text-gray-600 leading-6 mb-2"]
Found Element By : By.xpath: //p[@class="text-xs truncate text-gray-600 leading-6 mb-2"]
Navigating back to previous page
Navigated back to previous page
04-10-2021 14:08:12 categoriesPage.java INFO  [main] testbase.TestBase 151 - Page products in messenger and duffles is Matched::[ADK Red color Sling-Messenger Bag-AD-BAG-001, ADK Black color Silb-Messenge Bag-AD-BAG-002, ADK Tan color Silng-Messenge Bag-AD-BAG-003, ADK Dark Blue color Silng-Messenge Bag-]
]]></system-out>
  </testcase>
  <testcase name="validToolsInKitchen" classname="com.TestCategoriesPage.CategoriesPageTest" time="8.499">
    <system-out><![CDATA[Trying to find Element By : By.linkText: Kitchen Tools
Found Element By : By.linkText: Kitchen Tools
Trying to click on: [[ChromeDriver: chrome on WINDOWS (01a056b9272e7f86dcfbf137111fe79d)] -> link text: Kitchen Tools]
Clicked on: [[ChromeDriver: chrome on WINDOWS (01a056b9272e7f86dcfbf137111fe79d)] -> link text: Kitchen Tools]
Trying to find Element By : By.xpath: //p[@class="text-xs truncate text-gray-600 leading-6 mb-2"]
Found Element By : By.xpath: //p[@class="text-xs truncate text-gray-600 leading-6 mb-2"]
04-10-2021 14:08:18 categoriesPage.java INFO  [main] testbase.TestBase 166 - [Stainless Steel Oil Dropper, 1 Liter, Silver]
04-10-2021 14:08:18 categoriesPage.java INFO  [main] testbase.TestBase 167 - [Stainless Steel Oil Dropper, 1 Liter, Silver]
Navigating back to previous page
Navigated back to previous page
04-10-2021 14:08:21 categoriesPage.java INFO  [main] testbase.TestBase 171 - Page kitchentool is Matched::[Stainless Steel Oil Dropper, 1 Liter, Silver]
]]></system-out>
  </testcase>
  <testcase name="buyProductValid" classname="com.TestCategoriesPage.CategoriesPageTest" time="131.186">
    <system-out><![CDATA[Trying to find Element By : By.xpath: //div[text()='Men']
Found Element By : By.xpath: //div[text()='Men']
Trying to click on: [[ChromeDriver: chrome on WINDOWS (01a056b9272e7f86dcfbf137111fe79d)] -> xpath: //div[text()='Men']]
Clicked on: [[ChromeDriver: chrome on WINDOWS (01a056b9272e7f86dcfbf137111fe79d)] -> xpath: //div[text()='Men']]
Trying to find Element By : By.xpath: //div[text()='Footwear']
Found Element By : By.xpath: //div[text()='Footwear']
Trying to click on: [[ChromeDriver: chrome on WINDOWS (01a056b9272e7f86dcfbf137111fe79d)] -> xpath: //div[text()='Footwear']]
Clicked on: [[ChromeDriver: chrome on WINDOWS (01a056b9272e7f86dcfbf137111fe79d)] -> xpath: //div[text()='Footwear']]
Trying to find Element By : By.xpath: //a[text()='Casual Shoes']
Found Element By : By.xpath: //a[text()='Casual Shoes']
Trying to find Element By : By.xpath: //img[@alt='Men Blue Slip-On Canvas Casual Shoes']
Found Element By : By.xpath: //img[@alt='Men Blue Slip-On Canvas Casual Shoes']
Trying to click on: [[ChromeDriver: chrome on WINDOWS (01a056b9272e7f86dcfbf137111fe79d)] -> xpath: //img[@alt='Men Blue Slip-On Canvas Casual Shoes']]
Clicked on: [[ChromeDriver: chrome on WINDOWS (01a056b9272e7f86dcfbf137111fe79d)] -> xpath: //img[@alt='Men Blue Slip-On Canvas Casual Shoes']]
Trying to find Element By : By.xpath: //button[text()='UK6']
Found Element By : By.xpath: //button[text()='UK6']
Trying to click on: [[ChromeDriver: chrome on WINDOWS (01a056b9272e7f86dcfbf137111fe79d)] -> xpath: //button[text()='UK6']]
Clicked on: [[ChromeDriver: chrome on WINDOWS (01a056b9272e7f86dcfbf137111fe79d)] -> xpath: //button[text()='UK6']]
Trying to find Element By : By.xpath: //button[@class='sc-kGXeez sc-ksYbfQ kvajiu']
Found Element By : By.xpath: //button[@class='sc-kGXeez sc-ksYbfQ kvajiu']
Trying to click on: [[ChromeDriver: chrome on WINDOWS (01a056b9272e7f86dcfbf137111fe79d)] -> xpath: //button[@class='sc-kGXeez sc-ksYbfQ kvajiu']]
Clicked on: [[ChromeDriver: chrome on WINDOWS (01a056b9272e7f86dcfbf137111fe79d)] -> xpath: //button[@class='sc-kGXeez sc-ksYbfQ kvajiu']]
Trying to find Element By : By.xpath: //input[@name='phone']
Found Element By : By.xpath: //input[@name='phone']
Trying to find Element By : By.xpath: //button[text()='Send OTP']
Found Element By : By.xpath: //button[text()='Send OTP']
Trying to click on: [[ChromeDriver: chrome on WINDOWS (01a056b9272e7f86dcfbf137111fe79d)] -> xpath: //button[text()='Send OTP']]
Clicked on: [[ChromeDriver: chrome on WINDOWS (01a056b9272e7f86dcfbf137111fe79d)] -> xpath: //button[text()='Send OTP']]
Trying to find Element By : By.xpath: //button[@type='submit']
Found Element By : By.xpath: //button[@type='submit']
Trying to click on: [[ChromeDriver: chrome on WINDOWS (01a056b9272e7f86dcfbf137111fe79d)] -> xpath: //button[@type='submit']]
Clicked on: [[ChromeDriver: chrome on WINDOWS (01a056b9272e7f86dcfbf137111fe79d)] -> xpath: //button[@type='submit']]
Trying to find Element By : By.xpath: //a[@class='sc-kGXeez sc-hIVACf itkzsS']
Found Element By : By.xpath: //a[@class='sc-kGXeez sc-hIVACf itkzsS']
Trying to click on: [[ChromeDriver: chrome on WINDOWS (01a056b9272e7f86dcfbf137111fe79d)] -> xpath: //a[@class='sc-kGXeez sc-hIVACf itkzsS']]
Clicked on: [[ChromeDriver: chrome on WINDOWS (01a056b9272e7f86dcfbf137111fe79d)] -> xpath: //a[@class='sc-kGXeez sc-hIVACf itkzsS']]
Trying to find Element By : By.xpath: //button[text()='Add New Address']
Found Element By : By.xpath: //button[text()='Add New Address']
Trying to click on: [[ChromeDriver: chrome on WINDOWS (01a056b9272e7f86dcfbf137111fe79d)] -> xpath: //button[text()='Add New Address']]
Clicked on: [[ChromeDriver: chrome on WINDOWS (01a056b9272e7f86dcfbf137111fe79d)] -> xpath: //button[text()='Add New Address']]
Trying to find Element By : By.id: name
Found Element By : By.id: name
Trying to find Element By : By.id: mobile
Found Element By : By.id: mobile
Trying to find Element By : By.id: email
Found Element By : By.id: email
Trying to find Element By : By.id: houseNo
Found Element By : By.id: houseNo
Trying to find Element By : By.id: houseNo
Found Element By : By.id: houseNo
Trying to find Element By : By.id: streetAddress
Found Element By : By.id: streetAddress
Trying to find Element By : By.id: pincode
Found Element By : By.id: pincode
Trying to find Element By : By.xpath: //button[text()='Save Address']
Found Element By : By.xpath: //button[text()='Save Address']
Trying to click on: [[ChromeDriver: chrome on WINDOWS (01a056b9272e7f86dcfbf137111fe79d)] -> xpath: //button[text()='Save Address']]
Clicked on: [[ChromeDriver: chrome on WINDOWS (01a056b9272e7f86dcfbf137111fe79d)] -> xpath: //button[text()='Save Address']]
04-10-2021 14:10:26 categoriesPage.java INFO  [main] testbase.TestBase 214 - Address saved successfully
Before navigating to: 'https://myshopprime.com/suhas.dhanorkar1/gAF4lS8/categories'
Navigated to:'https://myshopprime.com/suhas.dhanorkar1/gAF4lS8/categories'
04-10-2021 14:10:32 categoriesPage.java INFO  [main] testbase.TestBase 219 - MyShopPrime
04-10-2021 14:10:32 categoriesPage.java INFO  [main] testbase.TestBase 220 - MyShopPrime
04-10-2021 14:10:32 categoriesPage.java INFO  [main] testbase.TestBase 222 - Page Header Matched::MyShopPrime
]]></system-out>
  </testcase>
  <testcase name="validproductDescription" classname="com.TestCategoriesPage.CategoriesPageTest" time="36.51">
    <failure message="no such element: Unable to locate element: {&quot;method&quot;:&quot;xpath&quot;,&quot;selector&quot;:&quot;//p[text()=&quot;Blue Printed Georgette Saree&quot;]&quot;}&#10;  (Session info: chrome=89.0.4389.114)&#10;For documentation on this error, please visit: https://www.seleniumhq.org/exceptions/no_such_element.html&#10;Build info: version: &apos;3.141.59&apos;, revision: &apos;e82be7d358&apos;, time: &apos;2018-11-14T08:17:03&apos;&#10;System info: host: &apos;DESKTOP-LI51MAN&apos;, ip: &apos;192.168.43.195&apos;, os.name: &apos;Windows 10&apos;, os.arch: &apos;x86&apos;, os.version: &apos;10.0&apos;, java.version: &apos;1.8.0_151&apos;&#10;Driver info: org.openqa.selenium.chrome.ChromeDriver&#10;Capabilities {acceptInsecureCerts: false, browserName: chrome, browserVersion: 89.0.4389.114, chrome: {chromedriverVersion: 89.0.4389.23 (61b08ee2c5002..., userDataDir: C:\Users\Akshay\AppData\Loc...}, goog:chromeOptions: {debuggerAddress: localhost:60446}, javascriptEnabled: true, networkConnectionEnabled: false, pageLoadStrategy: normal, platform: WINDOWS, platformName: WINDOWS, proxy: Proxy(), setWindowRect: true, strictFileInteractability: false, timeouts: {implicit: 0, pageLoad: 300000, script: 30000}, unhandledPromptBehavior: dismiss and notify, webauthn:extension:largeBlob: true, webauthn:virtualAuthenticators: true}&#10;Session ID: 01a056b9272e7f86dcfbf137111fe79d&#10;*** Element info: {Using=xpath, value=//p[text()=&quot;Blue Printed Georgette Saree&quot;]}" type="org.openqa.selenium.NoSuchElementException"><![CDATA[org.openqa.selenium.NoSuchElementException: 
no such element: Unable to locate element: {"method":"xpath","selector":"//p[text()="Blue Printed Georgette Saree"]"}
  (Session info: chrome=89.0.4389.114)
For documentation on this error, please visit: https://www.seleniumhq.org/exceptions/no_such_element.html
Build info: version: '3.141.59', revision: 'e82be7d358', time: '2018-11-14T08:17:03'
System info: host: 'DESKTOP-LI51MAN', ip: '192.168.43.195', os.name: 'Windows 10', os.arch: 'x86', os.version: '10.0', java.version: '1.8.0_151'
Driver info: org.openqa.selenium.chrome.ChromeDriver
Capabilities {acceptInsecureCerts: false, browserName: chrome, browserVersion: 89.0.4389.114, chrome: {chromedriverVersion: 89.0.4389.23 (61b08ee2c5002..., userDataDir: C:\Users\Akshay\AppData\Loc...}, goog:chromeOptions: {debuggerAddress: localhost:60446}, javascriptEnabled: true, networkConnectionEnabled: false, pageLoadStrategy: normal, platform: WINDOWS, platformName: WINDOWS, proxy: Proxy(), setWindowRect: true, strictFileInteractability: false, timeouts: {implicit: 0, pageLoad: 300000, script: 30000}, unhandledPromptBehavior: dismiss and notify, webauthn:extension:largeBlob: true, webauthn:virtualAuthenticators: true}
Session ID: 01a056b9272e7f86dcfbf137111fe79d
*** Element info: {Using=xpath, value=//p[text()="Blue Printed Georgette Saree"]}
	at com.TestCategoriesPage.CategoriesPageTest.validproductDescription(CategoriesPageTest.java:72)
]]></failure>
    <system-out><![CDATA[Trying to find Element By : By.xpath: //div[text()="Women"]
Found Element By : By.xpath: //div[text()="Women"]
Trying to click on: [[ChromeDriver: chrome on WINDOWS (01a056b9272e7f86dcfbf137111fe79d)] -> xpath: //div[text()="Women"]]
Clicked on: [[ChromeDriver: chrome on WINDOWS (01a056b9272e7f86dcfbf137111fe79d)] -> xpath: //div[text()="Women"]]
Trying to find Element By : By.xpath: //div[text()="Ethnic Wear"]
Found Element By : By.xpath: //div[text()="Ethnic Wear"]
Trying to click on: [[ChromeDriver: chrome on WINDOWS (01a056b9272e7f86dcfbf137111fe79d)] -> xpath: //div[text()="Ethnic Wear"]]
Clicked on: [[ChromeDriver: chrome on WINDOWS (01a056b9272e7f86dcfbf137111fe79d)] -> xpath: //div[text()="Ethnic Wear"]]
Trying to find Element By : By.xpath: //a[text()="Sarees"]
Found Element By : By.xpath: //a[text()="Sarees"]
Trying to click on: [[ChromeDriver: chrome on WINDOWS (01a056b9272e7f86dcfbf137111fe79d)] -> xpath: //a[text()="Sarees"]]
Clicked on: [[ChromeDriver: chrome on WINDOWS (01a056b9272e7f86dcfbf137111fe79d)] -> xpath: //a[text()="Sarees"]]
Trying to find Element By : By.xpath: //p[text()="Blue Printed Georgette Saree"]
Exception occured: org.openqa.selenium.NoSuchElementException: no such element: Unable to locate element: {"method":"xpath","selector":"//p[text()="Blue Printed Georgette Saree"]"}
  (Session info: chrome=89.0.4389.114)
For documentation on this error, please visit: https://www.seleniumhq.org/exceptions/no_such_element.html
Build info: version: '3.141.59', revision: 'e82be7d358', time: '2018-11-14T08:17:03'
System info: host: 'DESKTOP-LI51MAN', ip: '192.168.43.195', os.name: 'Windows 10', os.arch: 'x86', os.version: '10.0', java.version: '1.8.0_151'
Driver info: org.openqa.selenium.chrome.ChromeDriver
Capabilities {acceptInsecureCerts: false, browserName: chrome, browserVersion: 89.0.4389.114, chrome: {chromedriverVersion: 89.0.4389.23 (61b08ee2c5002..., userDataDir: C:\Users\Akshay\AppData\Loc...}, goog:chromeOptions: {debuggerAddress: localhost:60446}, javascriptEnabled: true, networkConnectionEnabled: false, pageLoadStrategy: normal, platform: WINDOWS, platformName: WINDOWS, proxy: Proxy(), setWindowRect: true, strictFileInteractability: false, timeouts: {implicit: 0, pageLoad: 300000, script: 30000}, unhandledPromptBehavior: dismiss and notify, webauthn:extension:largeBlob: true, webauthn:virtualAuthenticators: true}
Session ID: 01a056b9272e7f86dcfbf137111fe79d
*** Element info: {Using=xpath, value=//p[text()="Blue Printed Georgette Saree"]}
]]></system-out>
  </testcase>
</testsuite>